<?xml version="1.0" encoding="UTF-8"?>
<!-- Generated by org.testng.reporters.JUnitXMLReporter -->
<testsuite ignored="0" hostname="DESKTOP-T18N33P" failures="0" tests="2" name="EcommerceAppAutomationCloudPartialTest" time="68.794" errors="0" timestamp="2021-10-30T17:53:46 IST">
  <testcase classname="AppiumMavenGrpID.AppiumFramework.EcommerceAppAutomation4CloudPartial" name="TestNGmethod" time="34.097"/>
  <testcase classname="AppiumMavenGrpID.AppiumFramework.EcommerceAppAutomation4CloudPartial" name="TestNGmethod" time="34.598"/>
</testsuite> <!-- EcommerceAppAutomationCloudPartialTest -->
