<?xml version="1.0" encoding="UTF-8"?>
<!-- Generated by org.testng.reporters.JUnitXMLReporter -->
<testsuite ignored="0" hostname="DESKTOP-T18N33P" failures="0" tests="2" name="EcommerceAppAutomationCloudFullTest" time="95.84" errors="0" timestamp="2021-10-30T17:54:13 IST">
  <testcase classname="AppiumMavenGrpID.AppiumFramework.EcommerceAppAutomation4Cloud" name="TestNGmethod" time="48.711"/>
  <testcase classname="AppiumMavenGrpID.AppiumFramework.EcommerceAppAutomation4Cloud" name="TestNGmethod" time="47.043"/>
</testsuite> <!-- EcommerceAppAutomationCloudFullTest -->
