<?xml version="1.0" encoding="UTF-8"?>
<!-- Generated by org.testng.reporters.JUnitXMLReporter -->
<testsuite ignored="0" hostname="DESKTOP-T18N33P" failures="0" tests="2" name="Test" time="153.239" errors="0" timestamp="2021-10-30T11:04:39 IST">
  <testcase classname="AppiumMavenGrpID.AppiumFramework.EcommerceAppAutomation4" name="TestNGmethod" time="80.374"/>
  <testcase classname="AppiumMavenGrpID.AppiumFramework.EcommerceAppAutomation4" name="TestNGmethod" time="69.652"/>
</testsuite> <!-- Test -->
