<?xml version="1.0" encoding="UTF-8"?>
<!-- Generated by org.testng.reporters.JUnitXMLReporter -->
<testsuite hostname="DESKTOP-T18N33P" ignored="0" name="Test" tests="4" failures="0" timestamp="2021-11-02T14:11:11 IST" time="164.261" errors="0">
  <testcase name="TestNGmethod" time="50.045" classname="AppiumMavenGrpID.AppiumFramework.EcommerceAppAutomation4Cloud"/>
  <testcase name="TestNGmethod" time="47.481" classname="AppiumMavenGrpID.AppiumFramework.EcommerceAppAutomation4Cloud"/>
  <testcase name="TestNGmethod" time="33.214" classname="AppiumMavenGrpID.AppiumFramework.EcommerceAppAutomation4CloudPartial"/>
  <testcase name="TestNGmethod" time="33.343" classname="AppiumMavenGrpID.AppiumFramework.EcommerceAppAutomation4CloudPartial"/>
</testsuite> <!-- Test -->
