<?xml version="1.0" encoding="UTF-8"?>
<testng-results skipped="0" failed="0" ignored="0" total="4" passed="4">
  <reporter-output>
  </reporter-output>
  <suite name="Suite" duration-ms="164261" started-at="2021-11-02T14:08:27 IST" finished-at="2021-11-02T14:11:11 IST">
    <groups>
    </groups>
    <test name="Test" duration-ms="164261" started-at="2021-11-02T14:08:27 IST" finished-at="2021-11-02T14:11:11 IST">
      <class name="AppiumMavenGrpID.AppiumFramework.EcommerceAppAutomation4Cloud">
        <test-method status="PASS" signature="TestNGmethod(java.lang.String)[pri:0, instance:AppiumMavenGrpID.AppiumFramework.EcommerceAppAutomation4Cloud@467aecef]" name="TestNGmethod" duration-ms="50045" started-at="2021-11-02T14:08:27 IST" data-provider="InputName" finished-at="2021-11-02T14:09:17 IST">
          <params>
            <param index="0">
              <value>
                <![CDATA[hello]]>
              </value>
            </param>
          </params>
          <reporter-output>
          </reporter-output>
        </test-method> <!-- TestNGmethod -->
        <test-method status="PASS" signature="TestNGmethod(java.lang.String)[pri:0, instance:AppiumMavenGrpID.AppiumFramework.EcommerceAppAutomation4Cloud@467aecef]" name="TestNGmethod" duration-ms="47481" started-at="2021-11-02T14:09:17 IST" data-provider="InputName" finished-at="2021-11-02T14:10:05 IST">
          <params>
            <param index="0">
              <value>
                <![CDATA[##$$@@]]>
              </value>
            </param>
          </params>
          <reporter-output>
          </reporter-output>
        </test-method> <!-- TestNGmethod -->
      </class> <!-- AppiumMavenGrpID.AppiumFramework.EcommerceAppAutomation4Cloud -->
      <class name="AppiumMavenGrpID.AppiumFramework.EcommerceAppAutomation4CloudPartial">
        <test-method status="PASS" signature="TestNGmethod(java.lang.String)[pri:0, instance:AppiumMavenGrpID.AppiumFramework.EcommerceAppAutomation4CloudPartial@3d921e20]" name="TestNGmethod" duration-ms="33214" started-at="2021-11-02T14:10:05 IST" data-provider="InputName" finished-at="2021-11-02T14:10:38 IST">
          <params>
            <param index="0">
              <value>
                <![CDATA[hello]]>
              </value>
            </param>
          </params>
          <reporter-output>
          </reporter-output>
        </test-method> <!-- TestNGmethod -->
        <test-method status="PASS" signature="TestNGmethod(java.lang.String)[pri:0, instance:AppiumMavenGrpID.AppiumFramework.EcommerceAppAutomation4CloudPartial@3d921e20]" name="TestNGmethod" duration-ms="33343" started-at="2021-11-02T14:10:38 IST" data-provider="InputName" finished-at="2021-11-02T14:11:11 IST">
          <params>
            <param index="0">
              <value>
                <![CDATA[##$$@@]]>
              </value>
            </param>
          </params>
          <reporter-output>
          </reporter-output>
        </test-method> <!-- TestNGmethod -->
      </class> <!-- AppiumMavenGrpID.AppiumFramework.EcommerceAppAutomation4CloudPartial -->
    </test> <!-- Test -->
  </suite> <!-- Suite -->
</testng-results>
